<?xml version="1.0" encoding="UTF-8"?>
<robot generator="Robot 7.1.1 (Python 3.8.0 on win32)" generated="2025-04-18T18:27:18.905793" rpa="false" schemaversion="5">
<suite id="s1" name="Click" source="C:\Users\letic\Documents\appium\projects\yodapp-robot\tests\click.robot">
<test id="s1-t1" name="Deve realizar um click simples" line="8">
<kw name="Open Application" owner="AppiumLibrary">
<arg>http://localhost:4723</arg>
<arg>platformName=Android</arg>
<arg>deviceName=emulator-5554</arg>
<arg>automationName=UiAutomator2</arg>
<arg>app=${EXECDIR}/app/yodapp-beta.apk</arg>
<arg>udid=emulator-5554</arg>
<arg>autoGrantPermissions=true</arg>
<arg>newCommandTimeout=300</arg>
<doc>Opens a new application to given Appium server.
Capabilities of appium server, Android and iOS,
Please check https://appium.io/docs/en/2.1/cli/args/
| *Option*            | *Man.* | *Description*     |
| remote_url          | Yes    | Appium server url |
| alias               | no     | alias             |
| strict_ssl          | No     | allows you to send commands to an invalid certificate host like a self-signed one. |</doc>
<status status="PASS" start="2025-04-18T18:27:19.145788" elapsed="8.302152"/>
</kw>
<kw name="Wait Until Page Contains" owner="AppiumLibrary">
<arg>Yodapp</arg>
<doc>Waits until `text` appears on current page.</doc>
<status status="PASS" start="2025-04-18T18:27:27.448930" elapsed="5.126279"/>
</kw>
<kw name="Click Text" owner="AppiumLibrary">
<msg time="2025-04-18T18:27:33.061908" level="INFO">xpath criteria: //*[contains(@text,"QAX")]</msg>
<arg>QAX</arg>
<doc>Click text identified by ``text``.</doc>
<status status="PASS" start="2025-04-18T18:27:32.575209" elapsed="0.486699"/>
</kw>
<kw name="Sleep" owner="BuiltIn">
<msg time="2025-04-18T18:27:38.069479" level="INFO">Slept 5 seconds.</msg>
<arg>5</arg>
<doc>Pauses the test executed for the given time.</doc>
<status status="PASS" start="2025-04-18T18:27:33.061908" elapsed="5.007571"/>
</kw>
<kw name="Close Application" owner="AppiumLibrary">
<doc>Closes the current application and also close webdriver session.</doc>
<status status="PASS" start="2025-04-18T18:27:38.069479" elapsed="0.440275"/>
</kw>
<status status="PASS" start="2025-04-18T18:27:19.142741" elapsed="19.367013"/>
</test>
<status status="PASS" start="2025-04-18T18:27:18.907806" elapsed="19.603452"/>
</suite>
<statistics>
<total>
<stat pass="1" fail="0" skip="0">All Tests</stat>
</total>
<tag>
</tag>
<suite>
<stat pass="1" fail="0" skip="0" id="s1" name="Click">Click</stat>
</suite>
</statistics>
<errors>
</errors>
</robot>
