<?xml version="1.0" encoding="UTF-8"?>
<robot generator="Robot 7.1.1 (Python 3.8.0 on win32)" generated="2025-04-18T18:10:15.881898" rpa="false" schemaversion="5">
<suite id="s1" name="Yodapp-Robot" source="C:\Users\letic\Documents\appium\projects\yodapp-robot">
<suite id="s1-s1" name="Tests" source="C:\Users\letic\Documents\appium\projects\yodapp-robot\tests">
<suite id="s1-s1-s1" name="Home" source="C:\Users\letic\Documents\appium\projects\yodapp-robot\tests\home.robot">
<test id="s1-s1-s1-t1" name="Deve abrir a tela principal" line="8">
<kw name="Open Application" owner="AppiumLibrary">
<arg>http://localhost:4723</arg>
<arg>platformName=Android</arg>
<arg>deviceName=emulator-5554</arg>
<arg>automationName=UiAutomator2</arg>
<arg>app=${EXECDIR}/app/yodapp-beta.apk</arg>
<arg>udid=emulator-5554</arg>
<arg>autoGrantPermissions=true</arg>
<arg>newCommandTimeout=300</arg>
<doc>Opens a new application to given Appium server.
Capabilities of appium server, Android and iOS,
Please check https://appium.io/docs/en/2.1/cli/args/
| *Option*            | *Man.* | *Description*     |
| remote_url          | Yes    | Appium server url |
| alias               | no     | alias             |
| strict_ssl          | No     | allows you to send commands to an invalid certificate host like a self-signed one. |</doc>
<status status="PASS" start="2025-04-18T18:10:16.096559" elapsed="17.023198"/>
</kw>
<kw name="Wait Until Page Contains" owner="AppiumLibrary">
<kw name="Capture Page Screenshot" owner="AppiumLibrary">
<msg time="2025-04-18T18:10:34.035827" level="FAIL">WebDriverException: Message: An unknown server-side error occurred while processing the command. Original error: Could not proxy command to the remote server. Original error: socket hang up
Stacktrace:
UnknownError: An unknown server-side error occurred while processing the command. Original error: Could not proxy command to the remote server. Original error: socket hang up
    at UIA2Proxy.command (C:\Users\letic\Documents\appium\projects\yodapp-robot\node_modules\appium-uiautomator2-driver\node_modules\@appium\base-driver\lib\jsonwp-proxy\proxy.js:359:13)
    at processTicksAndRejections (node:internal/process/task_queues:95:5)
    at AndroidUiautomator2Driver.getScreenshot (C:\Users\letic\Documents\appium\projects\yodapp-robot\node_modules\appium-uiautomator2-driver\lib\commands\screenshot.js:42:5)</msg>
<doc>Takes a screenshot of the current page and embeds it into the log.</doc>
<status status="FAIL" start="2025-04-18T18:10:34.026320" elapsed="0.012513">WebDriverException: Message: An unknown server-side error occurred while processing the command. Original error: Could not proxy command to the remote server. Original error: socket hang up
Stacktrace:
UnknownError: An unknown server-side error occurred while processing the command. Original error: Could not proxy command to the remote server. Original error: socket hang up
    at UIA2Proxy.command (C:\Users\letic\Documents\appium\projects\yodapp-robot\node_modules\appium-uiautomator2-driver\node_modules\@appium\base-driver\lib\jsonwp-proxy\proxy.js:359:13)
    at processTicksAndRejections (node:internal/process/task_queues:95:5)
    at AndroidUiautomator2Driver.getScreenshot (C:\Users\letic\Documents\appium\projects\yodapp-robot\node_modules\appium-uiautomator2-driver\lib\commands\screenshot.js:42:5)</status>
</kw>
<msg time="2025-04-18T18:10:34.040835" level="WARN">Keyword 'Capture Page Screenshot' could not be run on failure: WebDriverException: Message: An unknown server-side error occurred while processing the command. Original error: Could not proxy command to the remote server. Original error: socket hang up
Stacktrace:
UnknownError: An unknown server-side error occurred while processing the command. Original error: Could not proxy command to the remote server. Original error: socket hang up
    at UIA2Proxy.command (C:\Users\letic\Documents\appium\projects\yodapp-robot\node_modules\appium-uiautomator2-driver\node_modules\@appium\base-driver\lib\jsonwp-proxy\proxy.js:359:13)
    at processTicksAndRejections (node:internal/process/task_queues:95:5)
    at AndroidUiautomator2Driver.getScreenshot (C:\Users\letic\Documents\appium\projects\yodapp-robot\node_modules\appium-uiautomator2-driver\lib\commands\screenshot.js:42:5)</msg>
<kw name="Capture Page Screenshot" owner="AppiumLibrary">
<msg time="2025-04-18T18:10:34.118768" level="FAIL">WebDriverException: Message: An unknown server-side error occurred while processing the command. Original error: Could not proxy command to the remote server. Original error: socket hang up
Stacktrace:
UnknownError: An unknown server-side error occurred while processing the command. Original error: Could not proxy command to the remote server. Original error: socket hang up
    at UIA2Proxy.command (C:\Users\letic\Documents\appium\projects\yodapp-robot\node_modules\appium-uiautomator2-driver\node_modules\@appium\base-driver\lib\jsonwp-proxy\proxy.js:359:13)
    at processTicksAndRejections (node:internal/process/task_queues:95:5)
    at AndroidUiautomator2Driver.getScreenshot (C:\Users\letic\Documents\appium\projects\yodapp-robot\node_modules\appium-uiautomator2-driver\lib\commands\screenshot.js:42:5)</msg>
<doc>Takes a screenshot of the current page and embeds it into the log.</doc>
<status status="FAIL" start="2025-04-18T18:10:34.049846" elapsed="0.071685">WebDriverException: Message: An unknown server-side error occurred while processing the command. Original error: Could not proxy command to the remote server. Original error: socket hang up
Stacktrace:
UnknownError: An unknown server-side error occurred while processing the command. Original error: Could not proxy command to the remote server. Original error: socket hang up
    at UIA2Proxy.command (C:\Users\letic\Documents\appium\projects\yodapp-robot\node_modules\appium-uiautomator2-driver\node_modules\@appium\base-driver\lib\jsonwp-proxy\proxy.js:359:13)
    at processTicksAndRejections (node:internal/process/task_queues:95:5)
    at AndroidUiautomator2Driver.getScreenshot (C:\Users\letic\Documents\appium\projects\yodapp-robot\node_modules\appium-uiautomator2-driver\lib\commands\screenshot.js:42:5)</status>
</kw>
<msg time="2025-04-18T18:10:34.122539" level="WARN">Keyword 'Capture Page Screenshot' could not be run on failure: WebDriverException: Message: An unknown server-side error occurred while processing the command. Original error: Could not proxy command to the remote server. Original error: socket hang up
Stacktrace:
UnknownError: An unknown server-side error occurred while processing the command. Original error: Could not proxy command to the remote server. Original error: socket hang up
    at UIA2Proxy.command (C:\Users\letic\Documents\appium\projects\yodapp-robot\node_modules\appium-uiautomator2-driver\node_modules\@appium\base-driver\lib\jsonwp-proxy\proxy.js:359:13)
    at processTicksAndRejections (node:internal/process/task_queues:95:5)
    at AndroidUiautomator2Driver.getScreenshot (C:\Users\letic\Documents\appium\projects\yodapp-robot\node_modules\appium-uiautomator2-driver\lib\commands\screenshot.js:42:5)</msg>
<msg time="2025-04-18T18:10:34.125538" level="FAIL">WebDriverException: Message: Could not proxy command to the remote server. Original error: socket hang up
Stacktrace:
ProxyRequestError: Could not proxy command to the remote server. Original error: socket hang up
    at UIA2Proxy.proxy (C:\Users\letic\Documents\appium\projects\yodapp-robot\node_modules\appium-uiautomator2-driver\node_modules\@appium\base-driver\lib\jsonwp-proxy\proxy.js:275:13)
    at processTicksAndRejections (node:internal/process/task_queues:95:5)
    at ProtocolConverter.convertAndProxy (C:\Users\letic\Documents\appium\projects\yodapp-robot\node_modules\appium-uiautomator2-driver\node_modules\@appium\base-driver\lib\jsonwp-proxy\protocol-converter.js:310:12)
    at UIA2Proxy.proxyCommand (C:\Users\letic\Documents\appium\projects\yodapp-robot\node_modules\appium-uiautomator2-driver\node_modules\@appium\base-driver\lib\jsonwp-proxy\proxy.js:340:12)
    at UIA2Proxy.proxyCommand (C:\Users\letic\Documents\appium\projects\yodapp-robot\node_modules\appium-uiautomator2-driver\lib\uiautomator2.js:37:12)
    at UIA2Proxy.proxyReqRes (C:\Users\letic\Documents\appium\projects\yodapp-robot\node_modules\appium-uiautomator2-driver\node_modules\@appium\base-driver\lib\jsonwp-proxy\proxy.js:426:32)</msg>
<arg>Yodapp</arg>
<doc>Waits until `text` appears on current page.</doc>
<status status="FAIL" start="2025-04-18T18:10:33.119757" elapsed="1.008791">WebDriverException: Message: Could not proxy command to the remote server. Original error: socket hang up
Stacktrace:
ProxyRequestError: Could not proxy command to the remote server. Original error: socket hang up
    at UIA2Proxy.proxy (C:\Users\letic\Documents\appium\projects\yodapp-robot\node_modules\appium-uiautomator2-driver\node_modules\@appium\base-driver\lib\jsonwp-proxy\proxy.js:275:13)
    at processTicksAndRejections (node:internal/process/task_queues:95:5)
    at ProtocolConverter.convertAndProxy (C:\Users\letic\Documents\appium\projects\yodapp-robot\node_modules\appium-uiautomator2-driver\node_modules\@appium\base-driver\lib\jsonwp-proxy\protocol-converter.js:310:12)
    at UIA2Proxy.proxyCommand (C:\Users\letic\Documents\appium\projects\yodapp-robot\node_modules\appium-uiautomator2-driver\node_modules\@appium\base-driver\lib\jsonwp-proxy\proxy.js:340:12)
    at UIA2Proxy.proxyCommand (C:\Users\letic\Documents\appium\projects\yodapp-robot\node_modules\appium-uiautomator2-driver\lib\uiautomator2.js:37:12)
    at UIA2Proxy.proxyReqRes (C:\Users\letic\Documents\appium\projects\yodapp-robot\node_modules\appium-uiautomator2-driver\node_modules\@appium\base-driver\lib\jsonwp-proxy\proxy.js:426:32)</status>
</kw>
<kw name="Wait Until Page Contains" owner="AppiumLibrary">
<arg>Mobile Training</arg>
<doc>Waits until `text` appears on current page.</doc>
<status status="NOT RUN" start="2025-04-18T18:10:34.137050" elapsed="0.000000"/>
</kw>
<kw name="Wait Until Page Contains" owner="AppiumLibrary">
<arg>by Papito</arg>
<doc>Waits until `text` appears on current page.</doc>
<status status="NOT RUN" start="2025-04-18T18:10:34.138716" elapsed="0.000000"/>
</kw>
<kw name="Close Application" owner="AppiumLibrary">
<doc>Closes the current application and also close webdriver session.</doc>
<status status="NOT RUN" start="2025-04-18T18:10:34.139721" elapsed="0.000000"/>
</kw>
<status status="FAIL" start="2025-04-18T18:10:16.095556" elapsed="18.044165">WebDriverException: Message: Could not proxy command to the remote server. Original error: socket hang up
Stacktrace:
ProxyRequestError: Could not proxy command to the remote server. Original error: socket hang up
    at UIA2Proxy.proxy (C:\Users\letic\Documents\appium\projects\yodapp-robot\node_modules\appium-uiautomator2-driver\node_modules\@appium\base-driver\lib\jsonwp-proxy\proxy.js:275:13)
    at processTicksAndRejections (node:internal/process/task_queues:95:5)
    at ProtocolConverter.convertAndProxy (C:\Users\letic\Documents\appium\projects\yodapp-robot\node_modules\appium-uiautomator2-driver\node_modules\@appium\base-driver\lib\jsonwp-proxy\protocol-converter.js:310:12)
    at UIA2Proxy.proxyCommand (C:\Users\letic\Documents\appium\projects\yodapp-robot\node_modules\appium-uiautomator2-driver\node_modules\@appium\base-driver\lib\jsonwp-proxy\proxy.js:340:12)
    at UIA2Proxy.proxyCommand (C:\Users\letic\Documents\appium\projects\yodapp-robot\node_modules\appium-uiautomator2-driver\lib\uiautomator2.js:37:12)
    at UIA2Proxy.proxyReqRes (C:\Users\letic\Documents\appium\projects\yodapp-robot\node_modules\appium-uiautomator2-driver\node_modules\@appium\base-driver\lib\jsonwp-proxy\proxy.js:426:32)</status>
</test>
<status status="FAIL" start="2025-04-18T18:10:15.970872" elapsed="18.174850"/>
</suite>
<status status="FAIL" start="2025-04-18T18:10:15.968358" elapsed="18.179364"/>
</suite>
<status status="FAIL" start="2025-04-18T18:10:15.947848" elapsed="18.201875"/>
</suite>
<statistics>
<total>
<stat pass="0" fail="1" skip="0">All Tests</stat>
</total>
<tag>
</tag>
<suite>
<stat pass="0" fail="1" skip="0" id="s1" name="Yodapp-Robot">Yodapp-Robot</stat>
<stat pass="0" fail="1" skip="0" id="s1-s1" name="Tests">Yodapp-Robot.Tests</stat>
<stat pass="0" fail="1" skip="0" id="s1-s1-s1" name="Home">Yodapp-Robot.Tests.Home</stat>
</suite>
</statistics>
<errors>
<msg time="2025-04-18T18:10:34.040835" level="WARN">Keyword 'Capture Page Screenshot' could not be run on failure: WebDriverException: Message: An unknown server-side error occurred while processing the command. Original error: Could not proxy command to the remote server. Original error: socket hang up
Stacktrace:
UnknownError: An unknown server-side error occurred while processing the command. Original error: Could not proxy command to the remote server. Original error: socket hang up
    at UIA2Proxy.command (C:\Users\letic\Documents\appium\projects\yodapp-robot\node_modules\appium-uiautomator2-driver\node_modules\@appium\base-driver\lib\jsonwp-proxy\proxy.js:359:13)
    at processTicksAndRejections (node:internal/process/task_queues:95:5)
    at AndroidUiautomator2Driver.getScreenshot (C:\Users\letic\Documents\appium\projects\yodapp-robot\node_modules\appium-uiautomator2-driver\lib\commands\screenshot.js:42:5)</msg>
<msg time="2025-04-18T18:10:34.122539" level="WARN">Keyword 'Capture Page Screenshot' could not be run on failure: WebDriverException: Message: An unknown server-side error occurred while processing the command. Original error: Could not proxy command to the remote server. Original error: socket hang up
Stacktrace:
UnknownError: An unknown server-side error occurred while processing the command. Original error: Could not proxy command to the remote server. Original error: socket hang up
    at UIA2Proxy.command (C:\Users\letic\Documents\appium\projects\yodapp-robot\node_modules\appium-uiautomator2-driver\node_modules\@appium\base-driver\lib\jsonwp-proxy\proxy.js:359:13)
    at processTicksAndRejections (node:internal/process/task_queues:95:5)
    at AndroidUiautomator2Driver.getScreenshot (C:\Users\letic\Documents\appium\projects\yodapp-robot\node_modules\appium-uiautomator2-driver\lib\commands\screenshot.js:42:5)</msg>
</errors>
</robot>
